# JRE version: OpenJDK Runtime Environment (17.0.6) (build 17.0.6+0-b2043.56-9586694)
# Java VM: OpenJDK 64-Bit Server VM (17.0.6+0-b2043.56-9586694, mixed mode, tiered, compressed oops, compressed class ptrs, g1 gc, windows-amd64)
GC Precious Log:
 CPUs: 4 total, 4 available
 Memory: 8073M
 Large Page Support: Disabled
 NUMA Support: Disabled
 Compressed Oops: Enabled (32-bit)
 Heap Region Size: 1M
 Heap Min Capacity: 8M
 Heap Initial Capacity: 128M
 Heap Max Capacity: 2020M
 Pre-touch: Disabled
 Parallel Workers: 4
 Concurrent Workers: 1
 Concurrent Refinement Workers: 4
 Periodic GC: Disabled
Heap:
 garbage-first heap   total 131072K, used 61306K [0x0000000081c00000, 0x0000000100000000)
  region size 1024K, 3 young (3072K), 3 survivors (3072K)
 Metaspace       used 61964K, committed 62272K, reserved 1105920K
  class space    used 7346K, committed 7488K, reserved 1048576K
GC Heap History (20 events):
Event: 20.805 GC heap after
{Heap after GC invocations=25 (full 0):
 garbage-first heap   total 60416K, used 34185K [0x0000000081c00000, 0x0000000100000000)
  region size 1024K, 2 young (2048K), 2 survivors (2048K)
 Metaspace       used 50461K, committed 50752K, reserved 1097728K
  class space    used 6073K, committed 6208K, reserved 1048576K
}
Event: 20.847 GC heap before
{Heap before GC invocations=25 (full 0):
 garbage-first heap   total 60416K, used 34185K [0x0000000081c00000, 0x0000000100000000)
  region size 1024K, 3 young (3072K), 2 survivors (2048K)
 Metaspace       used 50478K, committed 50752K, reserved 1097728K
  class space    used 6073K, committed 6208K, reserved 1048576K
}
Event: 20.852 GC heap after
{Heap after GC invocations=26 (full 0):
 garbage-first heap   total 60416K, used 34483K [0x0000000081c00000, 0x0000000100000000)
  region size 1024K, 1 young (1024K), 1 survivors (1024K)
 Metaspace       used 50478K, committed 50752K, reserved 1097728K
  class space    used 6073K, committed 6208K, reserved 1048576K
}
Event: 20.969 GC heap before
{Heap before GC invocations=26 (full 0):
 garbage-first heap   total 66560K, used 45747K [0x0000000081c00000, 0x0000000100000000)
  region size 1024K, 12 young (12288K), 1 survivors (1024K)
 Metaspace       used 50529K, committed 50816K, reserved 1097728K
  class space    used 6073K, committed 6208K, reserved 1048576K
}
Event: 20.977 GC heap after
{Heap after GC invocations=27 (full 0):
 garbage-first heap   total 66560K, used 38126K [0x0000000081c00000, 0x0000000100000000)
  region size 1024K, 2 young (2048K), 2 survivors (2048K)
 Metaspace       used 50529K, committed 50816K, reserved 1097728K
  class space    used 6073K, committed 6208K, reserved 1048576K
}
Event: 21.142 GC heap before
{Heap before GC invocations=28 (full 0):
 garbage-first heap   total 66560K, used 50414K [0x0000000081c00000, 0x0000000100000000)
  region size 1024K, 14 young (14336K), 2 survivors (2048K)
 Metaspace       used 50668K, committed 50944K, reserved 1097728K
  class space    used 6081K, committed 6208K, reserved 1048576K
}
Event: 21.147 GC heap after
{Heap after GC invocations=29 (full 0):
 garbage-first heap   total 96256K, used 37641K [0x0000000081c00000, 0x0000000100000000)
  region size 1024K, 1 young (1024K), 1 survivors (1024K)
 Metaspace       used 50668K, committed 50944K, reserved 1097728K
  class space    used 6081K, committed 6208K, reserved 1048576K
}
Event: 23.022 GC heap before
{Heap before GC invocations=29 (full 0):
 garbage-first heap   total 96256K, used 69385K [0x0000000081c00000, 0x0000000100000000)
  region size 1024K, 32 young (32768K), 1 survivors (1024K)
 Metaspace       used 55362K, committed 55680K, reserved 1105920K
  class space    used 6591K, committed 6720K, reserved 1048576K
}
Event: 23.037 GC heap after
{Heap after GC invocations=30 (full 0):
 garbage-first heap   total 96256K, used 41898K [0x0000000081c00000, 0x0000000100000000)
  region size 1024K, 4 young (4096K), 4 survivors (4096K)
 Metaspace       used 55362K, committed 55680K, reserved 1105920K
  class space    used 6591K, committed 6720K, reserved 1048576K
}
Event: 25.610 GC heap before
{Heap before GC invocations=30 (full 0):
 garbage-first heap   total 96256K, used 68522K [0x0000000081c00000, 0x0000000100000000)
  region size 1024K, 30 young (30720K), 4 survivors (4096K)
 Metaspace       used 60036K, committed 60352K, reserved 1105920K
  class space    used 7147K, committed 7296K, reserved 1048576K
}
Event: 25.633 GC heap after
{Heap after GC invocations=31 (full 0):
 garbage-first heap   total 96256K, used 46130K [0x0000000081c00000, 0x0000000100000000)
  region size 1024K, 4 young (4096K), 4 survivors (4096K)
 Metaspace       used 60036K, committed 60352K, reserved 1105920K
  class space    used 7147K, committed 7296K, reserved 1048576K
}
Event: 26.639 GC heap before
{Heap before GC invocations=31 (full 0):
 garbage-first heap   total 96256K, used 70706K [0x0000000081c00000, 0x0000000100000000)
  region size 1024K, 29 young (29696K), 4 survivors (4096K)
 Metaspace       used 60565K, committed 60800K, reserved 1105920K
  class space    used 7168K, committed 7296K, reserved 1048576K
}
Event: 26.662 GC heap after
{Heap after GC invocations=32 (full 0):
 garbage-first heap   total 96256K, used 50352K [0x0000000081c00000, 0x0000000100000000)
  region size 1024K, 4 young (4096K), 4 survivors (4096K)
 Metaspace       used 60565K, committed 60800K, reserved 1105920K
  class space    used 7168K, committed 7296K, reserved 1048576K
}
Event: 27.187 GC heap before
{Heap before GC invocations=32 (full 0):
 garbage-first heap   total 96256K, used 73904K [0x0000000081c00000, 0x0000000100000000)
  region size 1024K, 27 young (27648K), 4 survivors (4096K)
 Metaspace       used 60883K, committed 61248K, reserved 1105920K
  class space    used 7200K, committed 7360K, reserved 1048576K
}
Event: 27.212 GC heap after
{Heap after GC invocations=33 (full 0):
 garbage-first heap   total 96256K, used 55293K [0x0000000081c00000, 0x0000000100000000)
  region size 1024K, 4 young (4096K), 4 survivors (4096K)
 Metaspace       used 60883K, committed 61248K, reserved 1105920K
  class space    used 7200K, committed 7360K, reserved 1048576K
}
Event: 27.647 GC heap before
{Heap before GC invocations=34 (full 0):
 garbage-first heap   total 101376K, used 73725K [0x0000000081c00000, 0x0000000100000000)
  region size 1024K, 23 young (23552K), 4 survivors (4096K)
 Metaspace       used 61329K, committed 61696K, reserved 1105920K
  class space    used 7263K, committed 7424K, reserved 1048576K
}
Event: 27.666 GC heap after
{Heap after GC invocations=35 (full 0):
 garbage-first heap   total 101376K, used 58010K [0x0000000081c00000, 0x0000000100000000)
  region size 1024K, 3 young (3072K), 3 survivors (3072K)
 Metaspace       used 61329K, committed 61696K, reserved 1105920K
  class space    used 7263K, committed 7424K, reserved 1048576K
}
Event: 27.674 GC heap before
{Heap before GC invocations=35 (full 0):
 garbage-first heap   total 101376K, used 59034K [0x0000000081c00000, 0x0000000100000000)
  region size 1024K, 4 young (4096K), 3 survivors (3072K)
 Metaspace       used 61329K, committed 61696K, reserved 1105920K
  class space    used 7263K, committed 7424K, reserved 1048576K
}
Event: 27.683 GC heap after
{Heap after GC invocations=36 (full 0):
 garbage-first heap   total 101376K, used 58034K [0x0000000081c00000, 0x0000000100000000)
  region size 1024K, 1 young (1024K), 1 survivors (1024K)
 Metaspace       used 61329K, committed 61696K, reserved 1105920K
  class space    used 7263K, committed 7424K, reserved 1048576K
}
Event: 28.045 GC heap before
{Heap before GC invocations=36 (full 0):
 garbage-first heap   total 101376K, used 79538K [0x0000000081c00000, 0x0000000100000000)
  region size 1024K, 22 young (22528K), 1 survivors (1024K)
 Metaspace       used 61964K, committed 62272K, reserved 1105920K
  class space    used 7346K, committed 7488K, reserved 1048576K
}

